Performing C SOURCE FILE Test HAVE_GCC_PREFERRED_STACK_BOUNDARY failed with the following output:
Change Dir: /home/lilu/lilu/cpp_games/cpp_games/zuma/zuma/cmake-build-debug/CMakeFiles/CMakeTmp

Run Build Command(s):/var/lib/snapd/snap/clion/175/bin/ninja/linux/ninja cmTC_ccd04 && [1/2] Building C object CMakeFiles/cmTC_ccd04.dir/src.c.o
FAILED: CMakeFiles/cmTC_ccd04.dir/src.c.o 
/usr/bin/cc -DHAVE_GCC_PREFERRED_STACK_BOUNDARY  -idirafter "/home/lilu/lilu/cpp_games/cpp_games/zuma/zuma/engine/libs/SDL2/src/video/khronos" -mpreferred-stack-boundary=2 -o CMakeFiles/cmTC_ccd04.dir/src.c.o -c /home/lilu/lilu/cpp_games/cpp_games/zuma/zuma/cmake-build-debug/CMakeFiles/CMakeTmp/src.c
cc1: error: ‘-mpreferred-stack-boundary=2’ is not between 3 and 12
ninja: build stopped: subcommand failed.


Source file was:
int x = 0; int main(int argc, char **argv) {}
Performing C SOURCE FILE Test HAVE_ALTIVEC_H_HDR failed with the following output:
Change Dir: /home/lilu/lilu/cpp_games/cpp_games/zuma/zuma/cmake-build-debug/CMakeFiles/CMakeTmp

Run Build Command(s):/var/lib/snapd/snap/clion/175/bin/ninja/linux/ninja cmTC_a8d5b && [1/2] Building C object CMakeFiles/cmTC_a8d5b.dir/src.c.o
FAILED: CMakeFiles/cmTC_a8d5b.dir/src.c.o 
/usr/bin/cc -DHAVE_ALTIVEC_H_HDR  -idirafter "/home/lilu/lilu/cpp_games/cpp_games/zuma/zuma/engine/libs/SDL2/src/video/khronos" -maltivec -o CMakeFiles/cmTC_a8d5b.dir/src.c.o -c /home/lilu/lilu/cpp_games/cpp_games/zuma/zuma/cmake-build-debug/CMakeFiles/CMakeTmp/src.c
cc: error: unrecognized command-line option ‘-maltivec’
ninja: build stopped: subcommand failed.


Source file was:

          #include <altivec.h>
          vector unsigned int vzero() {
              return vec_splat_u32(0);
          }
          int main(int argc, char **argv) { }
Performing C SOURCE FILE Test HAVE_ALTIVEC failed with the following output:
Change Dir: /home/lilu/lilu/cpp_games/cpp_games/zuma/zuma/cmake-build-debug/CMakeFiles/CMakeTmp

Run Build Command(s):/var/lib/snapd/snap/clion/175/bin/ninja/linux/ninja cmTC_96b72 && [1/2] Building C object CMakeFiles/cmTC_96b72.dir/src.c.o
FAILED: CMakeFiles/cmTC_96b72.dir/src.c.o 
/usr/bin/cc -DHAVE_ALTIVEC  -idirafter "/home/lilu/lilu/cpp_games/cpp_games/zuma/zuma/engine/libs/SDL2/src/video/khronos" -maltivec -o CMakeFiles/cmTC_96b72.dir/src.c.o -c /home/lilu/lilu/cpp_games/cpp_games/zuma/zuma/cmake-build-debug/CMakeFiles/CMakeTmp/src.c
cc: error: unrecognized command-line option ‘-maltivec’
ninja: build stopped: subcommand failed.


Source file was:

          vector unsigned int vzero() {
              return vec_splat_u32(0);
          }
          int main(int argc, char **argv) { }
Determining if the include file libunwind.h exists failed with the following output:
Change Dir: /home/lilu/lilu/cpp_games/cpp_games/zuma/zuma/cmake-build-debug/CMakeFiles/CMakeTmp

Run Build Command(s):/var/lib/snapd/snap/clion/175/bin/ninja/linux/ninja cmTC_5879b && [1/2] Building C object CMakeFiles/cmTC_5879b.dir/CheckIncludeFile.c.o
FAILED: CMakeFiles/cmTC_5879b.dir/CheckIncludeFile.c.o 
/usr/bin/cc   -idirafter "/home/lilu/lilu/cpp_games/cpp_games/zuma/zuma/engine/libs/SDL2/src/video/khronos" -o CMakeFiles/cmTC_5879b.dir/CheckIncludeFile.c.o -c /home/lilu/lilu/cpp_games/cpp_games/zuma/zuma/cmake-build-debug/CMakeFiles/CMakeTmp/CheckIncludeFile.c
/home/lilu/lilu/cpp_games/cpp_games/zuma/zuma/cmake-build-debug/CMakeFiles/CMakeTmp/CheckIncludeFile.c:1:10: fatal error: libunwind.h: No such file or directory
    1 | #include <libunwind.h>
      |          ^~~~~~~~~~~~~
compilation terminated.
ninja: build stopped: subcommand failed.



Determining if the strlcpy exist failed with the following output:
Change Dir: /home/lilu/lilu/cpp_games/cpp_games/zuma/zuma/cmake-build-debug/CMakeFiles/CMakeTmp

Run Build Command(s):/var/lib/snapd/snap/clion/175/bin/ninja/linux/ninja cmTC_78f54 && [1/2] Building C object CMakeFiles/cmTC_78f54.dir/CheckSymbolExists.c.o
FAILED: CMakeFiles/cmTC_78f54.dir/CheckSymbolExists.c.o 
/usr/bin/cc   -idirafter "/home/lilu/lilu/cpp_games/cpp_games/zuma/zuma/engine/libs/SDL2/src/video/khronos" -o CMakeFiles/cmTC_78f54.dir/CheckSymbolExists.c.o -c /home/lilu/lilu/cpp_games/cpp_games/zuma/zuma/cmake-build-debug/CMakeFiles/CMakeTmp/CheckSymbolExists.c
/home/lilu/lilu/cpp_games/cpp_games/zuma/zuma/cmake-build-debug/CMakeFiles/CMakeTmp/CheckSymbolExists.c: In function ‘main’:
/home/lilu/lilu/cpp_games/cpp_games/zuma/zuma/cmake-build-debug/CMakeFiles/CMakeTmp/CheckSymbolExists.c:14:19: error: ‘strlcpy’ undeclared (first use in this function); did you mean ‘strncpy’?
   14 |   return ((int*)(&strlcpy))[argc];
      |                   ^~~~~~~
      |                   strncpy
/home/lilu/lilu/cpp_games/cpp_games/zuma/zuma/cmake-build-debug/CMakeFiles/CMakeTmp/CheckSymbolExists.c:14:19: note: each undeclared identifier is reported only once for each function it appears in
ninja: build stopped: subcommand failed.


File /home/lilu/lilu/cpp_games/cpp_games/zuma/zuma/cmake-build-debug/CMakeFiles/CMakeTmp/CheckSymbolExists.c:
/* */
#include <stddef.h>
#include <stdarg.h>
#include <stdlib.h>
#include <string.h>
#include <stdio.h>
#include <wchar.h>
#include <float.h>

int main(int argc, char** argv)
{
  (void)argv;
#ifndef strlcpy
  return ((int*)(&strlcpy))[argc];
#else
  (void)argc;
  return 0;
#endif
}
Determining if the strlcat exist failed with the following output:
Change Dir: /home/lilu/lilu/cpp_games/cpp_games/zuma/zuma/cmake-build-debug/CMakeFiles/CMakeTmp

Run Build Command(s):/var/lib/snapd/snap/clion/175/bin/ninja/linux/ninja cmTC_c8fd2 && [1/2] Building C object CMakeFiles/cmTC_c8fd2.dir/CheckSymbolExists.c.o
FAILED: CMakeFiles/cmTC_c8fd2.dir/CheckSymbolExists.c.o 
/usr/bin/cc   -idirafter "/home/lilu/lilu/cpp_games/cpp_games/zuma/zuma/engine/libs/SDL2/src/video/khronos" -o CMakeFiles/cmTC_c8fd2.dir/CheckSymbolExists.c.o -c /home/lilu/lilu/cpp_games/cpp_games/zuma/zuma/cmake-build-debug/CMakeFiles/CMakeTmp/CheckSymbolExists.c
/home/lilu/lilu/cpp_games/cpp_games/zuma/zuma/cmake-build-debug/CMakeFiles/CMakeTmp/CheckSymbolExists.c: In function ‘main’:
/home/lilu/lilu/cpp_games/cpp_games/zuma/zuma/cmake-build-debug/CMakeFiles/CMakeTmp/CheckSymbolExists.c:14:19: error: ‘strlcat’ undeclared (first use in this function); did you mean ‘strncat’?
   14 |   return ((int*)(&strlcat))[argc];
      |                   ^~~~~~~
      |                   strncat
/home/lilu/lilu/cpp_games/cpp_games/zuma/zuma/cmake-build-debug/CMakeFiles/CMakeTmp/CheckSymbolExists.c:14:19: note: each undeclared identifier is reported only once for each function it appears in
ninja: build stopped: subcommand failed.


File /home/lilu/lilu/cpp_games/cpp_games/zuma/zuma/cmake-build-debug/CMakeFiles/CMakeTmp/CheckSymbolExists.c:
/* */
#include <stddef.h>
#include <stdarg.h>
#include <stdlib.h>
#include <string.h>
#include <stdio.h>
#include <wchar.h>
#include <float.h>

int main(int argc, char** argv)
{
  (void)argv;
#ifndef strlcat
  return ((int*)(&strlcat))[argc];
#else
  (void)argc;
  return 0;
#endif
}
Determining if the _strrev exist failed with the following output:
Change Dir: /home/lilu/lilu/cpp_games/cpp_games/zuma/zuma/cmake-build-debug/CMakeFiles/CMakeTmp

Run Build Command(s):/var/lib/snapd/snap/clion/175/bin/ninja/linux/ninja cmTC_2b982 && [1/2] Building C object CMakeFiles/cmTC_2b982.dir/CheckSymbolExists.c.o
FAILED: CMakeFiles/cmTC_2b982.dir/CheckSymbolExists.c.o 
/usr/bin/cc   -idirafter "/home/lilu/lilu/cpp_games/cpp_games/zuma/zuma/engine/libs/SDL2/src/video/khronos" -o CMakeFiles/cmTC_2b982.dir/CheckSymbolExists.c.o -c /home/lilu/lilu/cpp_games/cpp_games/zuma/zuma/cmake-build-debug/CMakeFiles/CMakeTmp/CheckSymbolExists.c
/home/lilu/lilu/cpp_games/cpp_games/zuma/zuma/cmake-build-debug/CMakeFiles/CMakeTmp/CheckSymbolExists.c: In function ‘main’:
/home/lilu/lilu/cpp_games/cpp_games/zuma/zuma/cmake-build-debug/CMakeFiles/CMakeTmp/CheckSymbolExists.c:14:19: error: ‘_strrev’ undeclared (first use in this function)
   14 |   return ((int*)(&_strrev))[argc];
      |                   ^~~~~~~
/home/lilu/lilu/cpp_games/cpp_games/zuma/zuma/cmake-build-debug/CMakeFiles/CMakeTmp/CheckSymbolExists.c:14:19: note: each undeclared identifier is reported only once for each function it appears in
ninja: build stopped: subcommand failed.


File /home/lilu/lilu/cpp_games/cpp_games/zuma/zuma/cmake-build-debug/CMakeFiles/CMakeTmp/CheckSymbolExists.c:
/* */
#include <stddef.h>
#include <stdarg.h>
#include <stdlib.h>
#include <string.h>
#include <stdio.h>
#include <wchar.h>
#include <float.h>

int main(int argc, char** argv)
{
  (void)argv;
#ifndef _strrev
  return ((int*)(&_strrev))[argc];
#else
  (void)argc;
  return 0;
#endif
}
Determining if the _strupr exist failed with the following output:
Change Dir: /home/lilu/lilu/cpp_games/cpp_games/zuma/zuma/cmake-build-debug/CMakeFiles/CMakeTmp

Run Build Command(s):/var/lib/snapd/snap/clion/175/bin/ninja/linux/ninja cmTC_d5268 && [1/2] Building C object CMakeFiles/cmTC_d5268.dir/CheckSymbolExists.c.o
FAILED: CMakeFiles/cmTC_d5268.dir/CheckSymbolExists.c.o 
/usr/bin/cc   -idirafter "/home/lilu/lilu/cpp_games/cpp_games/zuma/zuma/engine/libs/SDL2/src/video/khronos" -o CMakeFiles/cmTC_d5268.dir/CheckSymbolExists.c.o -c /home/lilu/lilu/cpp_games/cpp_games/zuma/zuma/cmake-build-debug/CMakeFiles/CMakeTmp/CheckSymbolExists.c
/home/lilu/lilu/cpp_games/cpp_games/zuma/zuma/cmake-build-debug/CMakeFiles/CMakeTmp/CheckSymbolExists.c: In function ‘main’:
/home/lilu/lilu/cpp_games/cpp_games/zuma/zuma/cmake-build-debug/CMakeFiles/CMakeTmp/CheckSymbolExists.c:14:19: error: ‘_strupr’ undeclared (first use in this function)
   14 |   return ((int*)(&_strupr))[argc];
      |                   ^~~~~~~
/home/lilu/lilu/cpp_games/cpp_games/zuma/zuma/cmake-build-debug/CMakeFiles/CMakeTmp/CheckSymbolExists.c:14:19: note: each undeclared identifier is reported only once for each function it appears in
ninja: build stopped: subcommand failed.


File /home/lilu/lilu/cpp_games/cpp_games/zuma/zuma/cmake-build-debug/CMakeFiles/CMakeTmp/CheckSymbolExists.c:
/* */
#include <stddef.h>
#include <stdarg.h>
#include <stdlib.h>
#include <string.h>
#include <stdio.h>
#include <wchar.h>
#include <float.h>

int main(int argc, char** argv)
{
  (void)argv;
#ifndef _strupr
  return ((int*)(&_strupr))[argc];
#else
  (void)argc;
  return 0;
#endif
}
Determining if the _strlwr exist failed with the following output:
Change Dir: /home/lilu/lilu/cpp_games/cpp_games/zuma/zuma/cmake-build-debug/CMakeFiles/CMakeTmp

Run Build Command(s):/var/lib/snapd/snap/clion/175/bin/ninja/linux/ninja cmTC_b66ee && [1/2] Building C object CMakeFiles/cmTC_b66ee.dir/CheckSymbolExists.c.o
FAILED: CMakeFiles/cmTC_b66ee.dir/CheckSymbolExists.c.o 
/usr/bin/cc   -idirafter "/home/lilu/lilu/cpp_games/cpp_games/zuma/zuma/engine/libs/SDL2/src/video/khronos" -o CMakeFiles/cmTC_b66ee.dir/CheckSymbolExists.c.o -c /home/lilu/lilu/cpp_games/cpp_games/zuma/zuma/cmake-build-debug/CMakeFiles/CMakeTmp/CheckSymbolExists.c
/home/lilu/lilu/cpp_games/cpp_games/zuma/zuma/cmake-build-debug/CMakeFiles/CMakeTmp/CheckSymbolExists.c: In function ‘main’:
/home/lilu/lilu/cpp_games/cpp_games/zuma/zuma/cmake-build-debug/CMakeFiles/CMakeTmp/CheckSymbolExists.c:14:19: error: ‘_strlwr’ undeclared (first use in this function)
   14 |   return ((int*)(&_strlwr))[argc];
      |                   ^~~~~~~
/home/lilu/lilu/cpp_games/cpp_games/zuma/zuma/cmake-build-debug/CMakeFiles/CMakeTmp/CheckSymbolExists.c:14:19: note: each undeclared identifier is reported only once for each function it appears in
ninja: build stopped: subcommand failed.


File /home/lilu/lilu/cpp_games/cpp_games/zuma/zuma/cmake-build-debug/CMakeFiles/CMakeTmp/CheckSymbolExists.c:
/* */
#include <stddef.h>
#include <stdarg.h>
#include <stdlib.h>
#include <string.h>
#include <stdio.h>
#include <wchar.h>
#include <float.h>

int main(int argc, char** argv)
{
  (void)argv;
#ifndef _strlwr
  return ((int*)(&_strlwr))[argc];
#else
  (void)argc;
  return 0;
#endif
}
Determining if the itoa exist failed with the following output:
Change Dir: /home/lilu/lilu/cpp_games/cpp_games/zuma/zuma/cmake-build-debug/CMakeFiles/CMakeTmp

Run Build Command(s):/var/lib/snapd/snap/clion/175/bin/ninja/linux/ninja cmTC_56d96 && [1/2] Building C object CMakeFiles/cmTC_56d96.dir/CheckSymbolExists.c.o
FAILED: CMakeFiles/cmTC_56d96.dir/CheckSymbolExists.c.o 
/usr/bin/cc   -idirafter "/home/lilu/lilu/cpp_games/cpp_games/zuma/zuma/engine/libs/SDL2/src/video/khronos" -o CMakeFiles/cmTC_56d96.dir/CheckSymbolExists.c.o -c /home/lilu/lilu/cpp_games/cpp_games/zuma/zuma/cmake-build-debug/CMakeFiles/CMakeTmp/CheckSymbolExists.c
/home/lilu/lilu/cpp_games/cpp_games/zuma/zuma/cmake-build-debug/CMakeFiles/CMakeTmp/CheckSymbolExists.c: In function ‘main’:
/home/lilu/lilu/cpp_games/cpp_games/zuma/zuma/cmake-build-debug/CMakeFiles/CMakeTmp/CheckSymbolExists.c:14:19: error: ‘itoa’ undeclared (first use in this function)
   14 |   return ((int*)(&itoa))[argc];
      |                   ^~~~
/home/lilu/lilu/cpp_games/cpp_games/zuma/zuma/cmake-build-debug/CMakeFiles/CMakeTmp/CheckSymbolExists.c:14:19: note: each undeclared identifier is reported only once for each function it appears in
ninja: build stopped: subcommand failed.


File /home/lilu/lilu/cpp_games/cpp_games/zuma/zuma/cmake-build-debug/CMakeFiles/CMakeTmp/CheckSymbolExists.c:
/* */
#include <stddef.h>
#include <stdarg.h>
#include <stdlib.h>
#include <string.h>
#include <stdio.h>
#include <wchar.h>
#include <float.h>

int main(int argc, char** argv)
{
  (void)argv;
#ifndef itoa
  return ((int*)(&itoa))[argc];
#else
  (void)argc;
  return 0;
#endif
}
Determining if the _ltoa exist failed with the following output:
Change Dir: /home/lilu/lilu/cpp_games/cpp_games/zuma/zuma/cmake-build-debug/CMakeFiles/CMakeTmp

Run Build Command(s):/var/lib/snapd/snap/clion/175/bin/ninja/linux/ninja cmTC_5a174 && [1/2] Building C object CMakeFiles/cmTC_5a174.dir/CheckSymbolExists.c.o
FAILED: CMakeFiles/cmTC_5a174.dir/CheckSymbolExists.c.o 
/usr/bin/cc   -idirafter "/home/lilu/lilu/cpp_games/cpp_games/zuma/zuma/engine/libs/SDL2/src/video/khronos" -o CMakeFiles/cmTC_5a174.dir/CheckSymbolExists.c.o -c /home/lilu/lilu/cpp_games/cpp_games/zuma/zuma/cmake-build-debug/CMakeFiles/CMakeTmp/CheckSymbolExists.c
/home/lilu/lilu/cpp_games/cpp_games/zuma/zuma/cmake-build-debug/CMakeFiles/CMakeTmp/CheckSymbolExists.c: In function ‘main’:
/home/lilu/lilu/cpp_games/cpp_games/zuma/zuma/cmake-build-debug/CMakeFiles/CMakeTmp/CheckSymbolExists.c:14:19: error: ‘_ltoa’ undeclared (first use in this function)
   14 |   return ((int*)(&_ltoa))[argc];
      |                   ^~~~~
/home/lilu/lilu/cpp_games/cpp_games/zuma/zuma/cmake-build-debug/CMakeFiles/CMakeTmp/CheckSymbolExists.c:14:19: note: each undeclared identifier is reported only once for each function it appears in
ninja: build stopped: subcommand failed.


File /home/lilu/lilu/cpp_games/cpp_games/zuma/zuma/cmake-build-debug/CMakeFiles/CMakeTmp/CheckSymbolExists.c:
/* */
#include <stddef.h>
#include <stdarg.h>
#include <stdlib.h>
#include <string.h>
#include <stdio.h>
#include <wchar.h>
#include <float.h>

int main(int argc, char** argv)
{
  (void)argv;
#ifndef _ltoa
  return ((int*)(&_ltoa))[argc];
#else
  (void)argc;
  return 0;
#endif
}
Determining if the _uitoa exist failed with the following output:
Change Dir: /home/lilu/lilu/cpp_games/cpp_games/zuma/zuma/cmake-build-debug/CMakeFiles/CMakeTmp

Run Build Command(s):/var/lib/snapd/snap/clion/175/bin/ninja/linux/ninja cmTC_5f280 && [1/2] Building C object CMakeFiles/cmTC_5f280.dir/CheckSymbolExists.c.o
FAILED: CMakeFiles/cmTC_5f280.dir/CheckSymbolExists.c.o 
/usr/bin/cc   -idirafter "/home/lilu/lilu/cpp_games/cpp_games/zuma/zuma/engine/libs/SDL2/src/video/khronos" -o CMakeFiles/cmTC_5f280.dir/CheckSymbolExists.c.o -c /home/lilu/lilu/cpp_games/cpp_games/zuma/zuma/cmake-build-debug/CMakeFiles/CMakeTmp/CheckSymbolExists.c
/home/lilu/lilu/cpp_games/cpp_games/zuma/zuma/cmake-build-debug/CMakeFiles/CMakeTmp/CheckSymbolExists.c: In function ‘main’:
/home/lilu/lilu/cpp_games/cpp_games/zuma/zuma/cmake-build-debug/CMakeFiles/CMakeTmp/CheckSymbolExists.c:14:19: error: ‘_uitoa’ undeclared (first use in this function)
   14 |   return ((int*)(&_uitoa))[argc];
      |                   ^~~~~~
/home/lilu/lilu/cpp_games/cpp_games/zuma/zuma/cmake-build-debug/CMakeFiles/CMakeTmp/CheckSymbolExists.c:14:19: note: each undeclared identifier is reported only once for each function it appears in
ninja: build stopped: subcommand failed.


File /home/lilu/lilu/cpp_games/cpp_games/zuma/zuma/cmake-build-debug/CMakeFiles/CMakeTmp/CheckSymbolExists.c:
/* */
#include <stddef.h>
#include <stdarg.h>
#include <stdlib.h>
#include <string.h>
#include <stdio.h>
#include <wchar.h>
#include <float.h>

int main(int argc, char** argv)
{
  (void)argv;
#ifndef _uitoa
  return ((int*)(&_uitoa))[argc];
#else
  (void)argc;
  return 0;
#endif
}
Determining if the _ultoa exist failed with the following output:
Change Dir: /home/lilu/lilu/cpp_games/cpp_games/zuma/zuma/cmake-build-debug/CMakeFiles/CMakeTmp

Run Build Command(s):/var/lib/snapd/snap/clion/175/bin/ninja/linux/ninja cmTC_4f3f9 && [1/2] Building C object CMakeFiles/cmTC_4f3f9.dir/CheckSymbolExists.c.o
FAILED: CMakeFiles/cmTC_4f3f9.dir/CheckSymbolExists.c.o 
/usr/bin/cc   -idirafter "/home/lilu/lilu/cpp_games/cpp_games/zuma/zuma/engine/libs/SDL2/src/video/khronos" -o CMakeFiles/cmTC_4f3f9.dir/CheckSymbolExists.c.o -c /home/lilu/lilu/cpp_games/cpp_games/zuma/zuma/cmake-build-debug/CMakeFiles/CMakeTmp/CheckSymbolExists.c
/home/lilu/lilu/cpp_games/cpp_games/zuma/zuma/cmake-build-debug/CMakeFiles/CMakeTmp/CheckSymbolExists.c: In function ‘main’:
/home/lilu/lilu/cpp_games/cpp_games/zuma/zuma/cmake-build-debug/CMakeFiles/CMakeTmp/CheckSymbolExists.c:14:19: error: ‘_ultoa’ undeclared (first use in this function)
   14 |   return ((int*)(&_ultoa))[argc];
      |                   ^~~~~~
/home/lilu/lilu/cpp_games/cpp_games/zuma/zuma/cmake-build-debug/CMakeFiles/CMakeTmp/CheckSymbolExists.c:14:19: note: each undeclared identifier is reported only once for each function it appears in
ninja: build stopped: subcommand failed.


File /home/lilu/lilu/cpp_games/cpp_games/zuma/zuma/cmake-build-debug/CMakeFiles/CMakeTmp/CheckSymbolExists.c:
/* */
#include <stddef.h>
#include <stdarg.h>
#include <stdlib.h>
#include <string.h>
#include <stdio.h>
#include <wchar.h>
#include <float.h>

int main(int argc, char** argv)
{
  (void)argv;
#ifndef _ultoa
  return ((int*)(&_ultoa))[argc];
#else
  (void)argc;
  return 0;
#endif
}
Determining if the _i64toa exist failed with the following output:
Change Dir: /home/lilu/lilu/cpp_games/cpp_games/zuma/zuma/cmake-build-debug/CMakeFiles/CMakeTmp

Run Build Command(s):/var/lib/snapd/snap/clion/175/bin/ninja/linux/ninja cmTC_bb1ee && [1/2] Building C object CMakeFiles/cmTC_bb1ee.dir/CheckSymbolExists.c.o
FAILED: CMakeFiles/cmTC_bb1ee.dir/CheckSymbolExists.c.o 
/usr/bin/cc   -idirafter "/home/lilu/lilu/cpp_games/cpp_games/zuma/zuma/engine/libs/SDL2/src/video/khronos" -o CMakeFiles/cmTC_bb1ee.dir/CheckSymbolExists.c.o -c /home/lilu/lilu/cpp_games/cpp_games/zuma/zuma/cmake-build-debug/CMakeFiles/CMakeTmp/CheckSymbolExists.c
/home/lilu/lilu/cpp_games/cpp_games/zuma/zuma/cmake-build-debug/CMakeFiles/CMakeTmp/CheckSymbolExists.c: In function ‘main’:
/home/lilu/lilu/cpp_games/cpp_games/zuma/zuma/cmake-build-debug/CMakeFiles/CMakeTmp/CheckSymbolExists.c:14:19: error: ‘_i64toa’ undeclared (first use in this function)
   14 |   return ((int*)(&_i64toa))[argc];
      |                   ^~~~~~~
/home/lilu/lilu/cpp_games/cpp_games/zuma/zuma/cmake-build-debug/CMakeFiles/CMakeTmp/CheckSymbolExists.c:14:19: note: each undeclared identifier is reported only once for each function it appears in
ninja: build stopped: subcommand failed.


File /home/lilu/lilu/cpp_games/cpp_games/zuma/zuma/cmake-build-debug/CMakeFiles/CMakeTmp/CheckSymbolExists.c:
/* */
#include <stddef.h>
#include <stdarg.h>
#include <stdlib.h>
#include <string.h>
#include <stdio.h>
#include <wchar.h>
#include <float.h>

int main(int argc, char** argv)
{
  (void)argv;
#ifndef _i64toa
  return ((int*)(&_i64toa))[argc];
#else
  (void)argc;
  return 0;
#endif
}
Determining if the _ui64toa exist failed with the following output:
Change Dir: /home/lilu/lilu/cpp_games/cpp_games/zuma/zuma/cmake-build-debug/CMakeFiles/CMakeTmp

Run Build Command(s):/var/lib/snapd/snap/clion/175/bin/ninja/linux/ninja cmTC_c388a && [1/2] Building C object CMakeFiles/cmTC_c388a.dir/CheckSymbolExists.c.o
FAILED: CMakeFiles/cmTC_c388a.dir/CheckSymbolExists.c.o 
/usr/bin/cc   -idirafter "/home/lilu/lilu/cpp_games/cpp_games/zuma/zuma/engine/libs/SDL2/src/video/khronos" -o CMakeFiles/cmTC_c388a.dir/CheckSymbolExists.c.o -c /home/lilu/lilu/cpp_games/cpp_games/zuma/zuma/cmake-build-debug/CMakeFiles/CMakeTmp/CheckSymbolExists.c
/home/lilu/lilu/cpp_games/cpp_games/zuma/zuma/cmake-build-debug/CMakeFiles/CMakeTmp/CheckSymbolExists.c: In function ‘main’:
/home/lilu/lilu/cpp_games/cpp_games/zuma/zuma/cmake-build-debug/CMakeFiles/CMakeTmp/CheckSymbolExists.c:14:19: error: ‘_ui64toa’ undeclared (first use in this function)
   14 |   return ((int*)(&_ui64toa))[argc];
      |                   ^~~~~~~~
/home/lilu/lilu/cpp_games/cpp_games/zuma/zuma/cmake-build-debug/CMakeFiles/CMakeTmp/CheckSymbolExists.c:14:19: note: each undeclared identifier is reported only once for each function it appears in
ninja: build stopped: subcommand failed.


File /home/lilu/lilu/cpp_games/cpp_games/zuma/zuma/cmake-build-debug/CMakeFiles/CMakeTmp/CheckSymbolExists.c:
/* */
#include <stddef.h>
#include <stdarg.h>
#include <stdlib.h>
#include <string.h>
#include <stdio.h>
#include <wchar.h>
#include <float.h>

int main(int argc, char** argv)
{
  (void)argv;
#ifndef _ui64toa
  return ((int*)(&_ui64toa))[argc];
#else
  (void)argc;
  return 0;
#endif
}
Determining if the _stricmp exist failed with the following output:
Change Dir: /home/lilu/lilu/cpp_games/cpp_games/zuma/zuma/cmake-build-debug/CMakeFiles/CMakeTmp

Run Build Command(s):/var/lib/snapd/snap/clion/175/bin/ninja/linux/ninja cmTC_92d26 && [1/2] Building C object CMakeFiles/cmTC_92d26.dir/CheckSymbolExists.c.o
FAILED: CMakeFiles/cmTC_92d26.dir/CheckSymbolExists.c.o 
/usr/bin/cc   -idirafter "/home/lilu/lilu/cpp_games/cpp_games/zuma/zuma/engine/libs/SDL2/src/video/khronos" -o CMakeFiles/cmTC_92d26.dir/CheckSymbolExists.c.o -c /home/lilu/lilu/cpp_games/cpp_games/zuma/zuma/cmake-build-debug/CMakeFiles/CMakeTmp/CheckSymbolExists.c
/home/lilu/lilu/cpp_games/cpp_games/zuma/zuma/cmake-build-debug/CMakeFiles/CMakeTmp/CheckSymbolExists.c: In function ‘main’:
/home/lilu/lilu/cpp_games/cpp_games/zuma/zuma/cmake-build-debug/CMakeFiles/CMakeTmp/CheckSymbolExists.c:14:19: error: ‘_stricmp’ undeclared (first use in this function); did you mean ‘strncmp’?
   14 |   return ((int*)(&_stricmp))[argc];
      |                   ^~~~~~~~
      |                   strncmp
/home/lilu/lilu/cpp_games/cpp_games/zuma/zuma/cmake-build-debug/CMakeFiles/CMakeTmp/CheckSymbolExists.c:14:19: note: each undeclared identifier is reported only once for each function it appears in
ninja: build stopped: subcommand failed.


File /home/lilu/lilu/cpp_games/cpp_games/zuma/zuma/cmake-build-debug/CMakeFiles/CMakeTmp/CheckSymbolExists.c:
/* */
#include <stddef.h>
#include <stdarg.h>
#include <stdlib.h>
#include <string.h>
#include <stdio.h>
#include <wchar.h>
#include <float.h>

int main(int argc, char** argv)
{
  (void)argv;
#ifndef _stricmp
  return ((int*)(&_stricmp))[argc];
#else
  (void)argc;
  return 0;
#endif
}
Determining if the _strnicmp exist failed with the following output:
Change Dir: /home/lilu/lilu/cpp_games/cpp_games/zuma/zuma/cmake-build-debug/CMakeFiles/CMakeTmp

Run Build Command(s):/var/lib/snapd/snap/clion/175/bin/ninja/linux/ninja cmTC_501ee && [1/2] Building C object CMakeFiles/cmTC_501ee.dir/CheckSymbolExists.c.o
FAILED: CMakeFiles/cmTC_501ee.dir/CheckSymbolExists.c.o 
/usr/bin/cc   -idirafter "/home/lilu/lilu/cpp_games/cpp_games/zuma/zuma/engine/libs/SDL2/src/video/khronos" -o CMakeFiles/cmTC_501ee.dir/CheckSymbolExists.c.o -c /home/lilu/lilu/cpp_games/cpp_games/zuma/zuma/cmake-build-debug/CMakeFiles/CMakeTmp/CheckSymbolExists.c
/home/lilu/lilu/cpp_games/cpp_games/zuma/zuma/cmake-build-debug/CMakeFiles/CMakeTmp/CheckSymbolExists.c: In function ‘main’:
/home/lilu/lilu/cpp_games/cpp_games/zuma/zuma/cmake-build-debug/CMakeFiles/CMakeTmp/CheckSymbolExists.c:14:19: error: ‘_strnicmp’ undeclared (first use in this function); did you mean ‘strncmp’?
   14 |   return ((int*)(&_strnicmp))[argc];
      |                   ^~~~~~~~~
      |                   strncmp
/home/lilu/lilu/cpp_games/cpp_games/zuma/zuma/cmake-build-debug/CMakeFiles/CMakeTmp/CheckSymbolExists.c:14:19: note: each undeclared identifier is reported only once for each function it appears in
ninja: build stopped: subcommand failed.


File /home/lilu/lilu/cpp_games/cpp_games/zuma/zuma/cmake-build-debug/CMakeFiles/CMakeTmp/CheckSymbolExists.c:
/* */
#include <stddef.h>
#include <stdarg.h>
#include <stdlib.h>
#include <string.h>
#include <stdio.h>
#include <wchar.h>
#include <float.h>

int main(int argc, char** argv)
{
  (void)argv;
#ifndef _strnicmp
  return ((int*)(&_strnicmp))[argc];
#else
  (void)argc;
  return 0;
#endif
}
Determining if the _wcsdup exist failed with the following output:
Change Dir: /home/lilu/lilu/cpp_games/cpp_games/zuma/zuma/cmake-build-debug/CMakeFiles/CMakeTmp

Run Build Command(s):/var/lib/snapd/snap/clion/175/bin/ninja/linux/ninja cmTC_69272 && [1/2] Building C object CMakeFiles/cmTC_69272.dir/CheckSymbolExists.c.o
FAILED: CMakeFiles/cmTC_69272.dir/CheckSymbolExists.c.o 
/usr/bin/cc   -idirafter "/home/lilu/lilu/cpp_games/cpp_games/zuma/zuma/engine/libs/SDL2/src/video/khronos" -o CMakeFiles/cmTC_69272.dir/CheckSymbolExists.c.o -c /home/lilu/lilu/cpp_games/cpp_games/zuma/zuma/cmake-build-debug/CMakeFiles/CMakeTmp/CheckSymbolExists.c
/home/lilu/lilu/cpp_games/cpp_games/zuma/zuma/cmake-build-debug/CMakeFiles/CMakeTmp/CheckSymbolExists.c: In function ‘main’:
/home/lilu/lilu/cpp_games/cpp_games/zuma/zuma/cmake-build-debug/CMakeFiles/CMakeTmp/CheckSymbolExists.c:14:19: error: ‘_wcsdup’ undeclared (first use in this function); did you mean ‘wcsdup’?
   14 |   return ((int*)(&_wcsdup))[argc];
      |                   ^~~~~~~
      |                   wcsdup
/home/lilu/lilu/cpp_games/cpp_games/zuma/zuma/cmake-build-debug/CMakeFiles/CMakeTmp/CheckSymbolExists.c:14:19: note: each undeclared identifier is reported only once for each function it appears in
ninja: build stopped: subcommand failed.


File /home/lilu/lilu/cpp_games/cpp_games/zuma/zuma/cmake-build-debug/CMakeFiles/CMakeTmp/CheckSymbolExists.c:
/* */
#include <stddef.h>
#include <stdarg.h>
#include <stdlib.h>
#include <string.h>
#include <stdio.h>
#include <wchar.h>
#include <float.h>

int main(int argc, char** argv)
{
  (void)argv;
#ifndef _wcsdup
  return ((int*)(&_wcsdup))[argc];
#else
  (void)argc;
  return 0;
#endif
}
Determining if the wcslcat exist failed with the following output:
Change Dir: /home/lilu/lilu/cpp_games/cpp_games/zuma/zuma/cmake-build-debug/CMakeFiles/CMakeTmp

Run Build Command(s):/var/lib/snapd/snap/clion/175/bin/ninja/linux/ninja cmTC_c943a && [1/2] Building C object CMakeFiles/cmTC_c943a.dir/CheckSymbolExists.c.o
FAILED: CMakeFiles/cmTC_c943a.dir/CheckSymbolExists.c.o 
/usr/bin/cc   -idirafter "/home/lilu/lilu/cpp_games/cpp_games/zuma/zuma/engine/libs/SDL2/src/video/khronos" -o CMakeFiles/cmTC_c943a.dir/CheckSymbolExists.c.o -c /home/lilu/lilu/cpp_games/cpp_games/zuma/zuma/cmake-build-debug/CMakeFiles/CMakeTmp/CheckSymbolExists.c
/home/lilu/lilu/cpp_games/cpp_games/zuma/zuma/cmake-build-debug/CMakeFiles/CMakeTmp/CheckSymbolExists.c: In function ‘main’:
/home/lilu/lilu/cpp_games/cpp_games/zuma/zuma/cmake-build-debug/CMakeFiles/CMakeTmp/CheckSymbolExists.c:14:19: error: ‘wcslcat’ undeclared (first use in this function); did you mean ‘wcsncat’?
   14 |   return ((int*)(&wcslcat))[argc];
      |                   ^~~~~~~
      |                   wcsncat
/home/lilu/lilu/cpp_games/cpp_games/zuma/zuma/cmake-build-debug/CMakeFiles/CMakeTmp/CheckSymbolExists.c:14:19: note: each undeclared identifier is reported only once for each function it appears in
ninja: build stopped: subcommand failed.


File /home/lilu/lilu/cpp_games/cpp_games/zuma/zuma/cmake-build-debug/CMakeFiles/CMakeTmp/CheckSymbolExists.c:
/* */
#include <stddef.h>
#include <stdarg.h>
#include <stdlib.h>
#include <string.h>
#include <stdio.h>
#include <wchar.h>
#include <float.h>

int main(int argc, char** argv)
{
  (void)argv;
#ifndef wcslcat
  return ((int*)(&wcslcat))[argc];
#else
  (void)argc;
  return 0;
#endif
}
Determining if the wcslcpy exist failed with the following output:
Change Dir: /home/lilu/lilu/cpp_games/cpp_games/zuma/zuma/cmake-build-debug/CMakeFiles/CMakeTmp

Run Build Command(s):/var/lib/snapd/snap/clion/175/bin/ninja/linux/ninja cmTC_34a33 && [1/2] Building C object CMakeFiles/cmTC_34a33.dir/CheckSymbolExists.c.o
FAILED: CMakeFiles/cmTC_34a33.dir/CheckSymbolExists.c.o 
/usr/bin/cc   -idirafter "/home/lilu/lilu/cpp_games/cpp_games/zuma/zuma/engine/libs/SDL2/src/video/khronos" -o CMakeFiles/cmTC_34a33.dir/CheckSymbolExists.c.o -c /home/lilu/lilu/cpp_games/cpp_games/zuma/zuma/cmake-build-debug/CMakeFiles/CMakeTmp/CheckSymbolExists.c
/home/lilu/lilu/cpp_games/cpp_games/zuma/zuma/cmake-build-debug/CMakeFiles/CMakeTmp/CheckSymbolExists.c: In function ‘main’:
/home/lilu/lilu/cpp_games/cpp_games/zuma/zuma/cmake-build-debug/CMakeFiles/CMakeTmp/CheckSymbolExists.c:14:19: error: ‘wcslcpy’ undeclared (first use in this function); did you mean ‘wcsncpy’?
   14 |   return ((int*)(&wcslcpy))[argc];
      |                   ^~~~~~~
      |                   wcsncpy
/home/lilu/lilu/cpp_games/cpp_games/zuma/zuma/cmake-build-debug/CMakeFiles/CMakeTmp/CheckSymbolExists.c:14:19: note: each undeclared identifier is reported only once for each function it appears in
ninja: build stopped: subcommand failed.


File /home/lilu/lilu/cpp_games/cpp_games/zuma/zuma/cmake-build-debug/CMakeFiles/CMakeTmp/CheckSymbolExists.c:
/* */
#include <stddef.h>
#include <stdarg.h>
#include <stdlib.h>
#include <string.h>
#include <stdio.h>
#include <wchar.h>
#include <float.h>

int main(int argc, char** argv)
{
  (void)argv;
#ifndef wcslcpy
  return ((int*)(&wcslcpy))[argc];
#else
  (void)argc;
  return 0;
#endif
}
Determining if the _wcsicmp exist failed with the following output:
Change Dir: /home/lilu/lilu/cpp_games/cpp_games/zuma/zuma/cmake-build-debug/CMakeFiles/CMakeTmp

Run Build Command(s):/var/lib/snapd/snap/clion/175/bin/ninja/linux/ninja cmTC_210f1 && [1/2] Building C object CMakeFiles/cmTC_210f1.dir/CheckSymbolExists.c.o
FAILED: CMakeFiles/cmTC_210f1.dir/CheckSymbolExists.c.o 
/usr/bin/cc   -idirafter "/home/lilu/lilu/cpp_games/cpp_games/zuma/zuma/engine/libs/SDL2/src/video/khronos" -o CMakeFiles/cmTC_210f1.dir/CheckSymbolExists.c.o -c /home/lilu/lilu/cpp_games/cpp_games/zuma/zuma/cmake-build-debug/CMakeFiles/CMakeTmp/CheckSymbolExists.c
/home/lilu/lilu/cpp_games/cpp_games/zuma/zuma/cmake-build-debug/CMakeFiles/CMakeTmp/CheckSymbolExists.c: In function ‘main’:
/home/lilu/lilu/cpp_games/cpp_games/zuma/zuma/cmake-build-debug/CMakeFiles/CMakeTmp/CheckSymbolExists.c:14:19: error: ‘_wcsicmp’ undeclared (first use in this function); did you mean ‘wcsncmp’?
   14 |   return ((int*)(&_wcsicmp))[argc];
      |                   ^~~~~~~~
      |                   wcsncmp
/home/lilu/lilu/cpp_games/cpp_games/zuma/zuma/cmake-build-debug/CMakeFiles/CMakeTmp/CheckSymbolExists.c:14:19: note: each undeclared identifier is reported only once for each function it appears in
ninja: build stopped: subcommand failed.


File /home/lilu/lilu/cpp_games/cpp_games/zuma/zuma/cmake-build-debug/CMakeFiles/CMakeTmp/CheckSymbolExists.c:
/* */
#include <stddef.h>
#include <stdarg.h>
#include <stdlib.h>
#include <string.h>
#include <stdio.h>
#include <wchar.h>
#include <float.h>

int main(int argc, char** argv)
{
  (void)argv;
#ifndef _wcsicmp
  return ((int*)(&_wcsicmp))[argc];
#else
  (void)argc;
  return 0;
#endif
}
Determining if the _wcsnicmp exist failed with the following output:
Change Dir: /home/lilu/lilu/cpp_games/cpp_games/zuma/zuma/cmake-build-debug/CMakeFiles/CMakeTmp

Run Build Command(s):/var/lib/snapd/snap/clion/175/bin/ninja/linux/ninja cmTC_5ef04 && [1/2] Building C object CMakeFiles/cmTC_5ef04.dir/CheckSymbolExists.c.o
FAILED: CMakeFiles/cmTC_5ef04.dir/CheckSymbolExists.c.o 
/usr/bin/cc   -idirafter "/home/lilu/lilu/cpp_games/cpp_games/zuma/zuma/engine/libs/SDL2/src/video/khronos" -o CMakeFiles/cmTC_5ef04.dir/CheckSymbolExists.c.o -c /home/lilu/lilu/cpp_games/cpp_games/zuma/zuma/cmake-build-debug/CMakeFiles/CMakeTmp/CheckSymbolExists.c
/home/lilu/lilu/cpp_games/cpp_games/zuma/zuma/cmake-build-debug/CMakeFiles/CMakeTmp/CheckSymbolExists.c: In function ‘main’:
/home/lilu/lilu/cpp_games/cpp_games/zuma/zuma/cmake-build-debug/CMakeFiles/CMakeTmp/CheckSymbolExists.c:14:19: error: ‘_wcsnicmp’ undeclared (first use in this function); did you mean ‘wcsncmp’?
   14 |   return ((int*)(&_wcsnicmp))[argc];
      |                   ^~~~~~~~~
      |                   wcsncmp
/home/lilu/lilu/cpp_games/cpp_games/zuma/zuma/cmake-build-debug/CMakeFiles/CMakeTmp/CheckSymbolExists.c:14:19: note: each undeclared identifier is reported only once for each function it appears in
ninja: build stopped: subcommand failed.


File /home/lilu/lilu/cpp_games/cpp_games/zuma/zuma/cmake-build-debug/CMakeFiles/CMakeTmp/CheckSymbolExists.c:
/* */
#include <stddef.h>
#include <stdarg.h>
#include <stdlib.h>
#include <string.h>
#include <stdio.h>
#include <wchar.h>
#include <float.h>

int main(int argc, char** argv)
{
  (void)argv;
#ifndef _wcsnicmp
  return ((int*)(&_wcsnicmp))[argc];
#else
  (void)argc;
  return 0;
#endif
}
Determining if the fopen64 exist failed with the following output:
Change Dir: /home/lilu/lilu/cpp_games/cpp_games/zuma/zuma/cmake-build-debug/CMakeFiles/CMakeTmp

Run Build Command(s):/var/lib/snapd/snap/clion/175/bin/ninja/linux/ninja cmTC_0ba14 && [1/2] Building C object CMakeFiles/cmTC_0ba14.dir/CheckSymbolExists.c.o
FAILED: CMakeFiles/cmTC_0ba14.dir/CheckSymbolExists.c.o 
/usr/bin/cc   -idirafter "/home/lilu/lilu/cpp_games/cpp_games/zuma/zuma/engine/libs/SDL2/src/video/khronos" -o CMakeFiles/cmTC_0ba14.dir/CheckSymbolExists.c.o -c /home/lilu/lilu/cpp_games/cpp_games/zuma/zuma/cmake-build-debug/CMakeFiles/CMakeTmp/CheckSymbolExists.c
/home/lilu/lilu/cpp_games/cpp_games/zuma/zuma/cmake-build-debug/CMakeFiles/CMakeTmp/CheckSymbolExists.c: In function ‘main’:
/home/lilu/lilu/cpp_games/cpp_games/zuma/zuma/cmake-build-debug/CMakeFiles/CMakeTmp/CheckSymbolExists.c:14:19: error: ‘fopen64’ undeclared (first use in this function); did you mean ‘fopen’?
   14 |   return ((int*)(&fopen64))[argc];
      |                   ^~~~~~~
      |                   fopen
/home/lilu/lilu/cpp_games/cpp_games/zuma/zuma/cmake-build-debug/CMakeFiles/CMakeTmp/CheckSymbolExists.c:14:19: note: each undeclared identifier is reported only once for each function it appears in
ninja: build stopped: subcommand failed.


File /home/lilu/lilu/cpp_games/cpp_games/zuma/zuma/cmake-build-debug/CMakeFiles/CMakeTmp/CheckSymbolExists.c:
/* */
#include <stddef.h>
#include <stdarg.h>
#include <stdlib.h>
#include <string.h>
#include <stdio.h>
#include <wchar.h>
#include <float.h>

int main(int argc, char** argv)
{
  (void)argv;
#ifndef fopen64
  return ((int*)(&fopen64))[argc];
#else
  (void)argc;
  return 0;
#endif
}
Determining if the fseeko64 exist failed with the following output:
Change Dir: /home/lilu/lilu/cpp_games/cpp_games/zuma/zuma/cmake-build-debug/CMakeFiles/CMakeTmp

Run Build Command(s):/var/lib/snapd/snap/clion/175/bin/ninja/linux/ninja cmTC_b360b && [1/2] Building C object CMakeFiles/cmTC_b360b.dir/CheckSymbolExists.c.o
FAILED: CMakeFiles/cmTC_b360b.dir/CheckSymbolExists.c.o 
/usr/bin/cc   -idirafter "/home/lilu/lilu/cpp_games/cpp_games/zuma/zuma/engine/libs/SDL2/src/video/khronos" -o CMakeFiles/cmTC_b360b.dir/CheckSymbolExists.c.o -c /home/lilu/lilu/cpp_games/cpp_games/zuma/zuma/cmake-build-debug/CMakeFiles/CMakeTmp/CheckSymbolExists.c
/home/lilu/lilu/cpp_games/cpp_games/zuma/zuma/cmake-build-debug/CMakeFiles/CMakeTmp/CheckSymbolExists.c: In function ‘main’:
/home/lilu/lilu/cpp_games/cpp_games/zuma/zuma/cmake-build-debug/CMakeFiles/CMakeTmp/CheckSymbolExists.c:14:19: error: ‘fseeko64’ undeclared (first use in this function); did you mean ‘fseeko’?
   14 |   return ((int*)(&fseeko64))[argc];
      |                   ^~~~~~~~
      |                   fseeko
/home/lilu/lilu/cpp_games/cpp_games/zuma/zuma/cmake-build-debug/CMakeFiles/CMakeTmp/CheckSymbolExists.c:14:19: note: each undeclared identifier is reported only once for each function it appears in
ninja: build stopped: subcommand failed.


File /home/lilu/lilu/cpp_games/cpp_games/zuma/zuma/cmake-build-debug/CMakeFiles/CMakeTmp/CheckSymbolExists.c:
/* */
#include <stddef.h>
#include <stdarg.h>
#include <stdlib.h>
#include <string.h>
#include <stdio.h>
#include <wchar.h>
#include <float.h>

int main(int argc, char** argv)
{
  (void)argv;
#ifndef fseeko64
  return ((int*)(&fseeko64))[argc];
#else
  (void)argc;
  return 0;
#endif
}
Determining if the sysctlbyname exist failed with the following output:
Change Dir: /home/lilu/lilu/cpp_games/cpp_games/zuma/zuma/cmake-build-debug/CMakeFiles/CMakeTmp

Run Build Command(s):/var/lib/snapd/snap/clion/175/bin/ninja/linux/ninja cmTC_d1773 && [1/2] Building C object CMakeFiles/cmTC_d1773.dir/CheckSymbolExists.c.o
FAILED: CMakeFiles/cmTC_d1773.dir/CheckSymbolExists.c.o 
/usr/bin/cc   -idirafter "/home/lilu/lilu/cpp_games/cpp_games/zuma/zuma/engine/libs/SDL2/src/video/khronos" -o CMakeFiles/cmTC_d1773.dir/CheckSymbolExists.c.o -c /home/lilu/lilu/cpp_games/cpp_games/zuma/zuma/cmake-build-debug/CMakeFiles/CMakeTmp/CheckSymbolExists.c
/home/lilu/lilu/cpp_games/cpp_games/zuma/zuma/cmake-build-debug/CMakeFiles/CMakeTmp/CheckSymbolExists.c:3:10: fatal error: sys/sysctl.h: No such file or directory
    3 | #include <sys/sysctl.h>
      |          ^~~~~~~~~~~~~~
compilation terminated.
ninja: build stopped: subcommand failed.


File /home/lilu/lilu/cpp_games/cpp_games/zuma/zuma/cmake-build-debug/CMakeFiles/CMakeTmp/CheckSymbolExists.c:
/* */
#include <sys/types.h>
#include <sys/sysctl.h>

int main(int argc, char** argv)
{
  (void)argv;
#ifndef sysctlbyname
  return ((int*)(&sysctlbyname))[argc];
#else
  (void)argc;
  return 0;
#endif
}
Determining if the elf_aux_info exist failed with the following output:
Change Dir: /home/lilu/lilu/cpp_games/cpp_games/zuma/zuma/cmake-build-debug/CMakeFiles/CMakeTmp

Run Build Command(s):/var/lib/snapd/snap/clion/175/bin/ninja/linux/ninja cmTC_31372 && [1/2] Building C object CMakeFiles/cmTC_31372.dir/CheckSymbolExists.c.o
FAILED: CMakeFiles/cmTC_31372.dir/CheckSymbolExists.c.o 
/usr/bin/cc   -idirafter "/home/lilu/lilu/cpp_games/cpp_games/zuma/zuma/engine/libs/SDL2/src/video/khronos" -o CMakeFiles/cmTC_31372.dir/CheckSymbolExists.c.o -c /home/lilu/lilu/cpp_games/cpp_games/zuma/zuma/cmake-build-debug/CMakeFiles/CMakeTmp/CheckSymbolExists.c
/home/lilu/lilu/cpp_games/cpp_games/zuma/zuma/cmake-build-debug/CMakeFiles/CMakeTmp/CheckSymbolExists.c: In function ‘main’:
/home/lilu/lilu/cpp_games/cpp_games/zuma/zuma/cmake-build-debug/CMakeFiles/CMakeTmp/CheckSymbolExists.c:8:19: error: ‘elf_aux_info’ undeclared (first use in this function)
    8 |   return ((int*)(&elf_aux_info))[argc];
      |                   ^~~~~~~~~~~~
/home/lilu/lilu/cpp_games/cpp_games/zuma/zuma/cmake-build-debug/CMakeFiles/CMakeTmp/CheckSymbolExists.c:8:19: note: each undeclared identifier is reported only once for each function it appears in
ninja: build stopped: subcommand failed.


File /home/lilu/lilu/cpp_games/cpp_games/zuma/zuma/cmake-build-debug/CMakeFiles/CMakeTmp/CheckSymbolExists.c:
/* */
#include <sys/auxv.h>

int main(int argc, char** argv)
{
  (void)argv;
#ifndef elf_aux_info
  return ((int*)(&elf_aux_info))[argc];
#else
  (void)argc;
  return 0;
#endif
}
Determining if the function iconv_open exists in the iconv failed with the following output:
Change Dir: /home/lilu/lilu/cpp_games/cpp_games/zuma/zuma/cmake-build-debug/CMakeFiles/CMakeTmp

Run Build Command(s):/var/lib/snapd/snap/clion/175/bin/ninja/linux/ninja cmTC_bd8a2 && [1/2] Building C object CMakeFiles/cmTC_bd8a2.dir/CheckFunctionExists.c.o
[2/2] Linking C executable cmTC_bd8a2
FAILED: cmTC_bd8a2 
: && /usr/bin/cc -idirafter "/home/lilu/lilu/cpp_games/cpp_games/zuma/zuma/engine/libs/SDL2/src/video/khronos" -DCHECK_FUNCTION_EXISTS=iconv_open -rdynamic CMakeFiles/cmTC_bd8a2.dir/CheckFunctionExists.c.o -o cmTC_bd8a2  -liconv && :
/usr/bin/ld: cannot find -liconv
collect2: error: ld returned 1 exit status
ninja: build stopped: subcommand failed.



Determining if the alloca exist failed with the following output:
Change Dir: /home/lilu/lilu/cpp_games/cpp_games/zuma/zuma/cmake-build-debug/CMakeFiles/CMakeTmp

Run Build Command(s):/var/lib/snapd/snap/clion/175/bin/ninja/linux/ninja cmTC_84fe6 && [1/2] Building C object CMakeFiles/cmTC_84fe6.dir/CheckSymbolExists.c.o
FAILED: CMakeFiles/cmTC_84fe6.dir/CheckSymbolExists.c.o 
/usr/bin/cc   -idirafter "/home/lilu/lilu/cpp_games/cpp_games/zuma/zuma/engine/libs/SDL2/src/video/khronos" -o CMakeFiles/cmTC_84fe6.dir/CheckSymbolExists.c.o -c /home/lilu/lilu/cpp_games/cpp_games/zuma/zuma/cmake-build-debug/CMakeFiles/CMakeTmp/CheckSymbolExists.c
/home/lilu/lilu/cpp_games/cpp_games/zuma/zuma/cmake-build-debug/CMakeFiles/CMakeTmp/CheckSymbolExists.c: In function ‘main’:
/home/lilu/lilu/cpp_games/cpp_games/zuma/zuma/cmake-build-debug/CMakeFiles/CMakeTmp/CheckSymbolExists.c:8:19: error: ‘alloca’ undeclared (first use in this function); did you mean ‘valloc’?
    8 |   return ((int*)(&alloca))[argc];
      |                   ^~~~~~
      |                   valloc
/home/lilu/lilu/cpp_games/cpp_games/zuma/zuma/cmake-build-debug/CMakeFiles/CMakeTmp/CheckSymbolExists.c:8:19: note: each undeclared identifier is reported only once for each function it appears in
ninja: build stopped: subcommand failed.


File /home/lilu/lilu/cpp_games/cpp_games/zuma/zuma/cmake-build-debug/CMakeFiles/CMakeTmp/CheckSymbolExists.c:
/* */
#include <malloc.h>

int main(int argc, char** argv)
{
  (void)argv;
#ifndef alloca
  return ((int*)(&alloca))[argc];
#else
  (void)argc;
  return 0;
#endif
}
Determining if the include file audio/audiolib.h exists failed with the following output:
Change Dir: /home/lilu/lilu/cpp_games/cpp_games/zuma/zuma/cmake-build-debug/CMakeFiles/CMakeTmp

Run Build Command(s):/var/lib/snapd/snap/clion/175/bin/ninja/linux/ninja cmTC_4df5c && [1/2] Building C object CMakeFiles/cmTC_4df5c.dir/CheckIncludeFile.c.o
FAILED: CMakeFiles/cmTC_4df5c.dir/CheckIncludeFile.c.o 
/usr/bin/cc   -idirafter "/home/lilu/lilu/cpp_games/cpp_games/zuma/zuma/engine/libs/SDL2/src/video/khronos" -o CMakeFiles/cmTC_4df5c.dir/CheckIncludeFile.c.o -c /home/lilu/lilu/cpp_games/cpp_games/zuma/zuma/cmake-build-debug/CMakeFiles/CMakeTmp/CheckIncludeFile.c
/home/lilu/lilu/cpp_games/cpp_games/zuma/zuma/cmake-build-debug/CMakeFiles/CMakeTmp/CheckIncludeFile.c:1:10: fatal error: audio/audiolib.h: No such file or directory
    1 | #include <audio/audiolib.h>
      |          ^~~~~~~~~~~~~~~~~~
compilation terminated.
ninja: build stopped: subcommand failed.



Determining if the include file sndio.h exists failed with the following output:
Change Dir: /home/lilu/lilu/cpp_games/cpp_games/zuma/zuma/cmake-build-debug/CMakeFiles/CMakeTmp

Run Build Command(s):/var/lib/snapd/snap/clion/175/bin/ninja/linux/ninja cmTC_9ce20 && [1/2] Building C object CMakeFiles/cmTC_9ce20.dir/CheckIncludeFile.c.o
FAILED: CMakeFiles/cmTC_9ce20.dir/CheckIncludeFile.c.o 
/usr/bin/cc   -idirafter "/home/lilu/lilu/cpp_games/cpp_games/zuma/zuma/engine/libs/SDL2/src/video/khronos" -o CMakeFiles/cmTC_9ce20.dir/CheckIncludeFile.c.o -c /home/lilu/lilu/cpp_games/cpp_games/zuma/zuma/cmake-build-debug/CMakeFiles/CMakeTmp/CheckIncludeFile.c
/home/lilu/lilu/cpp_games/cpp_games/zuma/zuma/cmake-build-debug/CMakeFiles/CMakeTmp/CheckIncludeFile.c:1:10: fatal error: sndio.h: No such file or directory
    1 | #include <sndio.h>
      |          ^~~~~~~~~
compilation terminated.
ninja: build stopped: subcommand failed.



Determining if the include file samplerate.h exists failed with the following output:
Change Dir: /home/lilu/lilu/cpp_games/cpp_games/zuma/zuma/cmake-build-debug/CMakeFiles/CMakeTmp

Run Build Command(s):/var/lib/snapd/snap/clion/175/bin/ninja/linux/ninja cmTC_23a7c && [1/2] Building C object CMakeFiles/cmTC_23a7c.dir/CheckIncludeFile.c.o
FAILED: CMakeFiles/cmTC_23a7c.dir/CheckIncludeFile.c.o 
/usr/bin/cc   -idirafter "/home/lilu/lilu/cpp_games/cpp_games/zuma/zuma/engine/libs/SDL2/src/video/khronos" -o CMakeFiles/cmTC_23a7c.dir/CheckIncludeFile.c.o -c /home/lilu/lilu/cpp_games/cpp_games/zuma/zuma/cmake-build-debug/CMakeFiles/CMakeTmp/CheckIncludeFile.c
/home/lilu/lilu/cpp_games/cpp_games/zuma/zuma/cmake-build-debug/CMakeFiles/CMakeTmp/CheckIncludeFile.c:1:10: fatal error: samplerate.h: No such file or directory
    1 | #include <samplerate.h>
      |          ^~~~~~~~~~~~~~
compilation terminated.
ninja: build stopped: subcommand failed.



Performing C SOURCE FILE Test HAVE_VIDEO_RPI failed with the following output:
Change Dir: /home/lilu/lilu/cpp_games/cpp_games/zuma/zuma/cmake-build-debug/CMakeFiles/CMakeTmp

Run Build Command(s):/var/lib/snapd/snap/clion/175/bin/ninja/linux/ninja cmTC_8dd77 && [1/2] Building C object CMakeFiles/cmTC_8dd77.dir/src.c.o
FAILED: CMakeFiles/cmTC_8dd77.dir/src.c.o 
/usr/bin/cc -DHAVE_VIDEO_RPI  -idirafter "/home/lilu/lilu/cpp_games/cpp_games/zuma/zuma/engine/libs/SDL2/src/video/khronos"  -I/opt/vc/include/interface/vmcs_host/linux/ -I/opt/vc/include/interface/vcos/pthreads -I/opt/vc/include  -L/opt/vc/lib -o CMakeFiles/cmTC_8dd77.dir/src.c.o -c /home/lilu/lilu/cpp_games/cpp_games/zuma/zuma/cmake-build-debug/CMakeFiles/CMakeTmp/src.c
/home/lilu/lilu/cpp_games/cpp_games/zuma/zuma/cmake-build-debug/CMakeFiles/CMakeTmp/src.c:2:18: fatal error: bcm_host.h: No such file or directory
    2 |         #include <bcm_host.h>
      |                  ^~~~~~~~~~~~
compilation terminated.
ninja: build stopped: subcommand failed.


Source file was:

        #include <bcm_host.h>
        int main(int argc, char **argv) {}
Determining if the include file X11/extensions/Xinerama.h exists failed with the following output:
Change Dir: /home/lilu/lilu/cpp_games/cpp_games/zuma/zuma/cmake-build-debug/CMakeFiles/CMakeTmp

Run Build Command(s):/var/lib/snapd/snap/clion/175/bin/ninja/linux/ninja cmTC_c8d36 && [1/2] Building C object CMakeFiles/cmTC_c8d36.dir/CheckIncludeFile.c.o
FAILED: CMakeFiles/cmTC_c8d36.dir/CheckIncludeFile.c.o 
/usr/bin/cc   -idirafter "/home/lilu/lilu/cpp_games/cpp_games/zuma/zuma/engine/libs/SDL2/src/video/khronos" -o CMakeFiles/cmTC_c8d36.dir/CheckIncludeFile.c.o -c /home/lilu/lilu/cpp_games/cpp_games/zuma/zuma/cmake-build-debug/CMakeFiles/CMakeTmp/CheckIncludeFile.c
/home/lilu/lilu/cpp_games/cpp_games/zuma/zuma/cmake-build-debug/CMakeFiles/CMakeTmp/CheckIncludeFile.c:1:10: fatal error: X11/extensions/Xinerama.h: No such file or directory
    1 | #include <X11/extensions/Xinerama.h>
      |          ^~~~~~~~~~~~~~~~~~~~~~~~~~~
compilation terminated.
ninja: build stopped: subcommand failed.



Performing C SOURCE FILE Test HAVE_VIDEO_VIVANTE_VDK failed with the following output:
Change Dir: /home/lilu/lilu/cpp_games/cpp_games/zuma/zuma/cmake-build-debug/CMakeFiles/CMakeTmp

Run Build Command(s):/var/lib/snapd/snap/clion/175/bin/ninja/linux/ninja cmTC_92464 && [1/2] Building C object CMakeFiles/cmTC_92464.dir/src.c.o
FAILED: CMakeFiles/cmTC_92464.dir/src.c.o 
/usr/bin/cc -DHAVE_VIDEO_VIVANTE_VDK  -idirafter "/home/lilu/lilu/cpp_games/cpp_games/zuma/zuma/engine/libs/SDL2/src/video/khronos" -o CMakeFiles/cmTC_92464.dir/src.c.o -c /home/lilu/lilu/cpp_games/cpp_games/zuma/zuma/cmake-build-debug/CMakeFiles/CMakeTmp/src.c
/home/lilu/lilu/cpp_games/cpp_games/zuma/zuma/cmake-build-debug/CMakeFiles/CMakeTmp/src.c:2:18: fatal error: gc_vdk.h: No such file or directory
    2 |         #include <gc_vdk.h>
      |                  ^~~~~~~~~~
compilation terminated.
ninja: build stopped: subcommand failed.


Source file was:

        #include <gc_vdk.h>
        int main(int argc, char** argv) {}
Performing C SOURCE FILE Test HAVE_VIDEO_VIVANTE_EGL_FB failed with the following output:
Change Dir: /home/lilu/lilu/cpp_games/cpp_games/zuma/zuma/cmake-build-debug/CMakeFiles/CMakeTmp

Run Build Command(s):/var/lib/snapd/snap/clion/175/bin/ninja/linux/ninja cmTC_b66fc && [1/2] Building C object CMakeFiles/cmTC_b66fc.dir/src.c.o
FAILED: CMakeFiles/cmTC_b66fc.dir/src.c.o 
/usr/bin/cc -DHAVE_VIDEO_VIVANTE_EGL_FB  -idirafter "/home/lilu/lilu/cpp_games/cpp_games/zuma/zuma/engine/libs/SDL2/src/video/khronos" -o CMakeFiles/cmTC_b66fc.dir/src.c.o -c /home/lilu/lilu/cpp_games/cpp_games/zuma/zuma/cmake-build-debug/CMakeFiles/CMakeTmp/src.c
/home/lilu/lilu/cpp_games/cpp_games/zuma/zuma/cmake-build-debug/CMakeFiles/CMakeTmp/src.c:4:18: fatal error: EGL/eglvivante.h: No such file or directory
    4 |         #include <EGL/eglvivante.h>
      |                  ^~~~~~~~~~~~~~~~~~
compilation terminated.
ninja: build stopped: subcommand failed.


Source file was:

        #define LINUX
        #define EGL_API_FB
        #include <EGL/eglvivante.h>
        int main(int argc, char** argv) {}
Determining if the include file libudev.h exists failed with the following output:
Change Dir: /home/lilu/lilu/cpp_games/cpp_games/zuma/zuma/cmake-build-debug/CMakeFiles/CMakeTmp

Run Build Command(s):/var/lib/snapd/snap/clion/175/bin/ninja/linux/ninja cmTC_2b45d && [1/2] Building C object CMakeFiles/cmTC_2b45d.dir/CheckIncludeFile.c.o
FAILED: CMakeFiles/cmTC_2b45d.dir/CheckIncludeFile.c.o 
/usr/bin/cc   -idirafter "/home/lilu/lilu/cpp_games/cpp_games/zuma/zuma/engine/libs/SDL2/src/video/khronos" -o CMakeFiles/cmTC_2b45d.dir/CheckIncludeFile.c.o -c /home/lilu/lilu/cpp_games/cpp_games/zuma/zuma/cmake-build-debug/CMakeFiles/CMakeTmp/CheckIncludeFile.c
/home/lilu/lilu/cpp_games/cpp_games/zuma/zuma/cmake-build-debug/CMakeFiles/CMakeTmp/CheckIncludeFile.c:1:10: fatal error: libudev.h: No such file or directory
    1 | #include <libudev.h>
      |          ^~~~~~~~~~~
compilation terminated.
ninja: build stopped: subcommand failed.



Determining if files pthread_np.h exist failed with the following output:
Change Dir: /home/lilu/lilu/cpp_games/cpp_games/zuma/zuma/cmake-build-debug/CMakeFiles/CMakeTmp

Run Build Command(s):/var/lib/snapd/snap/clion/175/bin/ninja/linux/ninja cmTC_8cb0e && [1/2] Building C object CMakeFiles/cmTC_8cb0e.dir/HAVE_PTHREAD_NP_H.c.o
FAILED: CMakeFiles/cmTC_8cb0e.dir/HAVE_PTHREAD_NP_H.c.o 
/usr/bin/cc   -idirafter "/home/lilu/lilu/cpp_games/cpp_games/zuma/zuma/engine/libs/SDL2/src/video/khronos"   -D_REENTRANT -pthread -o CMakeFiles/cmTC_8cb0e.dir/HAVE_PTHREAD_NP_H.c.o -c /home/lilu/lilu/cpp_games/cpp_games/zuma/zuma/cmake-build-debug/CMakeFiles/CheckIncludeFiles/HAVE_PTHREAD_NP_H.c
/home/lilu/lilu/cpp_games/cpp_games/zuma/zuma/cmake-build-debug/CMakeFiles/CheckIncludeFiles/HAVE_PTHREAD_NP_H.c:2:10: fatal error: pthread_np.h: No such file or directory
    2 | #include <pthread_np.h>
      |          ^~~~~~~~~~~~~~
compilation terminated.
ninja: build stopped: subcommand failed.


Source:
/* */
#include <pthread_np.h>


int main(void){return 0;}

Determining if the pthread_setname_np exist failed with the following output:
Change Dir: /home/lilu/lilu/cpp_games/cpp_games/zuma/zuma/cmake-build-debug/CMakeFiles/CMakeTmp

Run Build Command(s):/var/lib/snapd/snap/clion/175/bin/ninja/linux/ninja cmTC_dcbc5 && [1/2] Building C object CMakeFiles/cmTC_dcbc5.dir/CheckSymbolExists.c.o
FAILED: CMakeFiles/cmTC_dcbc5.dir/CheckSymbolExists.c.o 
/usr/bin/cc   -idirafter "/home/lilu/lilu/cpp_games/cpp_games/zuma/zuma/engine/libs/SDL2/src/video/khronos"   -D_REENTRANT -pthread -o CMakeFiles/cmTC_dcbc5.dir/CheckSymbolExists.c.o -c /home/lilu/lilu/cpp_games/cpp_games/zuma/zuma/cmake-build-debug/CMakeFiles/CMakeTmp/CheckSymbolExists.c
/home/lilu/lilu/cpp_games/cpp_games/zuma/zuma/cmake-build-debug/CMakeFiles/CMakeTmp/CheckSymbolExists.c: In function ‘main’:
/home/lilu/lilu/cpp_games/cpp_games/zuma/zuma/cmake-build-debug/CMakeFiles/CMakeTmp/CheckSymbolExists.c:8:19: error: ‘pthread_setname_np’ undeclared (first use in this function); did you mean ‘pthread_setcanceltype’?
    8 |   return ((int*)(&pthread_setname_np))[argc];
      |                   ^~~~~~~~~~~~~~~~~~
      |                   pthread_setcanceltype
/home/lilu/lilu/cpp_games/cpp_games/zuma/zuma/cmake-build-debug/CMakeFiles/CMakeTmp/CheckSymbolExists.c:8:19: note: each undeclared identifier is reported only once for each function it appears in
ninja: build stopped: subcommand failed.


File /home/lilu/lilu/cpp_games/cpp_games/zuma/zuma/cmake-build-debug/CMakeFiles/CMakeTmp/CheckSymbolExists.c:
/* */
#include <pthread.h>

int main(int argc, char** argv)
{
  (void)argv;
#ifndef pthread_setname_np
  return ((int*)(&pthread_setname_np))[argc];
#else
  (void)argc;
  return 0;
#endif
}
